<?xml version="1.0" encoding="UTF-8"?>
<testng-results ignored="0" total="4" passed="4" failed="0" skipped="0">
  <reporter-output>
  </reporter-output>
  <suite started-at="2023-05-11T17:38:50 IST" name="Default suite" finished-at="2023-05-11T17:38:50 IST" duration-ms="38">
    <groups>
    </groups>
    <test started-at="2023-05-11T17:38:50 IST" name="Default test" finished-at="2023-05-11T17:38:50 IST" duration-ms="38">
      <class name="Engine.Priority">
        <test-method signature="startEngine()[pri:1, instance:Engine.Priority@7e9131d5]" started-at="2023-05-11T17:38:50 IST" name="startEngine" finished-at="2023-05-11T17:38:50 IST" duration-ms="6" status="PASS">
          <reporter-output>
          </reporter-output>
        </test-method> <!-- startEngine -->
        <test-method signature="putFirstGear()[pri:2, instance:Engine.Priority@7e9131d5]" started-at="2023-05-11T17:38:50 IST" name="putFirstGear" finished-at="2023-05-11T17:38:50 IST" duration-ms="1" status="PASS">
          <reporter-output>
          </reporter-output>
        </test-method> <!-- putFirstGear -->
        <test-method signature="putSecondGear()[pri:3, instance:Engine.Priority@7e9131d5]" started-at="2023-05-11T17:38:50 IST" name="putSecondGear" finished-at="2023-05-11T17:38:50 IST" duration-ms="1" status="PASS">
          <reporter-output>
          </reporter-output>
        </test-method> <!-- putSecondGear -->
        <test-method signature="putThirdGear()[pri:4, instance:Engine.Priority@7e9131d5]" started-at="2023-05-11T17:38:50 IST" name="putThirdGear" finished-at="2023-05-11T17:38:50 IST" duration-ms="0" status="PASS">
          <reporter-output>
          </reporter-output>
        </test-method> <!-- putThirdGear -->
      </class> <!-- Engine.Priority -->
    </test> <!-- Default test -->
  </suite> <!-- Default suite -->
</testng-results>
