<?xml version="1.0" encoding="UTF-8"?>
<!-- Generated by org.testng.reporters.JUnitXMLReporter -->
<testsuite ignored="0" hostname="APL-543L4612469" failures="0" tests="4" name="Default test" time="0.038" errors="0" timestamp="2023-05-11T17:38:50 IST">
  <testcase classname="Engine.Priority" name="startEngine" time="0.006"/>
  <testcase classname="Engine.Priority" name="putFirstGear" time="0.001"/>
  <testcase classname="Engine.Priority" name="putSecondGear" time="0.001"/>
  <testcase classname="Engine.Priority" name="putThirdGear" time="0.0"/>
</testsuite> <!-- Default test -->
